<?xml version="1.0" encoding="UTF-8"?>
<!-- Generated by org.testng.reporters.JUnitReportReporter -->
<testsuite hostname="Elixir_lap_41" failures="0" tests="1" name="testcases.TC_001" time="10.509" errors="0" timestamp="2023-01-18T09:20:30 IST" skipped="0">
  <testcase classname="testcases.TC_001" name="testcase1" time="10.509"/>
  <system-out/>
</testsuite> <!-- testcases.TC_001 -->
