<?xml version="1.0" encoding="UTF-8"?>
<!-- Generated by org.testng.reporters.JUnitReportReporter -->
<testsuite hostname="Elixir_lap_41" failures="0" tests="1" name="testcases.TC_002" time="3.558" errors="0" timestamp="2023-01-26T00:20:20 IST" skipped="0">
  <testcase classname="testcases.TC_002" name="testcase1" time="3.558"/>
  <system-out/>
</testsuite> <!-- testcases.TC_002 -->
