<?xml version="1.0" encoding="UTF-8"?>
<!-- Generated by org.testng.reporters.JUnitReportReporter -->
<testsuite hostname="Elixir_lap_41" failures="0" tests="1" name="testcases.TC_003" time="2.679" errors="0" timestamp="2023-01-18T11:58:52 IST" skipped="0">
  <testcase classname="testcases.TC_003" name="testcase1" time="2.679"/>
  <system-out/>
</testsuite> <!-- testcases.TC_003 -->
